<?xml version="1.0" encoding="UTF-8"?>
<!-- Generated by org.testng.reporters.JUnitReportReporter -->
<testsuite skipped="0" hostname="HIPUNL60794" name="com.extend.reports.ExtendReport.extendReport" tests="1" failures="0" timestamp="2020-06-17T15:12:06 IST" time="13.705" errors="0">
  <testcase name="getData" time="13.705" classname="com.extend.reports.ExtendReport.extendReport"/>
  <system-out/>
</testsuite> <!-- com.extend.reports.ExtendReport.extendReport -->
